[==========] Running 7 tests from 1 test case.
[----------] Global test environment set-up.
[----------] 7 tests from ListTest
[ RUN      ] ListTest.ListLen
cur.cpp:15: Failure
Value of: l->len()
  Actual: 0
Expected: 1
[  FAILED  ] ListTest.ListLen (0 ms)
[ RUN      ] ListTest.DeleteOne
[       OK ] ListTest.DeleteOne (0 ms)
[ RUN      ] ListTest.AddOne
cur.cpp:31: Failure
Value of: l->len()
  Actual: 0
Expected: 2
[  FAILED  ] ListTest.AddOne (0 ms)
[ RUN      ] ListTest.AddAndCheckOne
FAIL
Segmentation fault. Program terminated!
